<?xml version="1.0" encoding="UTF-8"?>
<robot generator="Robot 6.1.1 (Python 3.13.5 on darwin)" generated="20251112 13:32:22.148" rpa="false" schemaversion="4">
<suite id="s1" name="Tests" source="/Users/annakarkkainen/palautusrepo/osa3/login-robot/src/tests">
<suite id="s1-s1" name="Login" source="/Users/annakarkkainen/palautusrepo/osa3/login-robot/src/tests/login.robot">
<test id="s1-s1-t1" name="Login With Correct Credentials" line="6">
<kw name="Create User And Input Login Command" type="SETUP">
<kw name="Create User" library="AppLibrary">
<arg>kalle</arg>
<arg>kalle123</arg>
<status status="PASS" starttime="20251112 13:32:22.204" endtime="20251112 13:32:22.204"/>
</kw>
<kw name="Input Login Command" library="resource">
<kw name="Input" library="AppLibrary">
<arg>login</arg>
<status status="PASS" starttime="20251112 13:32:22.205" endtime="20251112 13:32:22.205"/>
</kw>
<status status="PASS" starttime="20251112 13:32:22.204" endtime="20251112 13:32:22.205"/>
</kw>
<status status="PASS" starttime="20251112 13:32:22.204" endtime="20251112 13:32:22.205"/>
</kw>
<kw name="Input Credentials" library="resource">
<arg>kalle</arg>
<arg>kalle123</arg>
<kw name="Input" library="AppLibrary">
<arg>${username}</arg>
<status status="PASS" starttime="20251112 13:32:22.205" endtime="20251112 13:32:22.206"/>
</kw>
<kw name="Input" library="AppLibrary">
<arg>${password}</arg>
<status status="PASS" starttime="20251112 13:32:22.206" endtime="20251112 13:32:22.206"/>
</kw>
<kw name="Run Application" library="AppLibrary">
<status status="PASS" starttime="20251112 13:32:22.207" endtime="20251112 13:32:22.207"/>
</kw>
<status status="PASS" starttime="20251112 13:32:22.205" endtime="20251112 13:32:22.207"/>
</kw>
<kw name="Output Should Contain" library="AppLibrary">
<arg>Logged in</arg>
<status status="PASS" starttime="20251112 13:32:22.207" endtime="20251112 13:32:22.207"/>
</kw>
<status status="PASS" starttime="20251112 13:32:22.203" endtime="20251112 13:32:22.208"/>
</test>
<test id="s1-s1-t2" name="Login With Incorrect Password" line="10">
<kw name="Create User And Input Login Command" type="SETUP">
<kw name="Create User" library="AppLibrary">
<arg>kalle</arg>
<arg>kalle123</arg>
<status status="PASS" starttime="20251112 13:32:22.208" endtime="20251112 13:32:22.209"/>
</kw>
<kw name="Input Login Command" library="resource">
<kw name="Input" library="AppLibrary">
<arg>login</arg>
<status status="PASS" starttime="20251112 13:32:22.209" endtime="20251112 13:32:22.209"/>
</kw>
<status status="PASS" starttime="20251112 13:32:22.209" endtime="20251112 13:32:22.209"/>
</kw>
<status status="PASS" starttime="20251112 13:32:22.208" endtime="20251112 13:32:22.209"/>
</kw>
<kw name="Input Credentials" library="resource">
<arg>kalle</arg>
<arg>kalle321</arg>
<kw name="Input" library="AppLibrary">
<arg>${username}</arg>
<status status="PASS" starttime="20251112 13:32:22.209" endtime="20251112 13:32:22.209"/>
</kw>
<kw name="Input" library="AppLibrary">
<arg>${password}</arg>
<status status="PASS" starttime="20251112 13:32:22.210" endtime="20251112 13:32:22.210"/>
</kw>
<kw name="Run Application" library="AppLibrary">
<status status="PASS" starttime="20251112 13:32:22.210" endtime="20251112 13:32:22.210"/>
</kw>
<status status="PASS" starttime="20251112 13:32:22.209" endtime="20251112 13:32:22.210"/>
</kw>
<kw name="Output Should Contain" library="AppLibrary">
<arg>Invalid username or password</arg>
<status status="PASS" starttime="20251112 13:32:22.210" endtime="20251112 13:32:22.210"/>
</kw>
<status status="PASS" starttime="20251112 13:32:22.208" endtime="20251112 13:32:22.210"/>
</test>
<test id="s1-s1-t3" name="Login With Nonexistent Username" line="14">
<kw name="Create User And Input Login Command" type="SETUP">
<kw name="Create User" library="AppLibrary">
<arg>kalle</arg>
<arg>kalle123</arg>
<status status="PASS" starttime="20251112 13:32:22.211" endtime="20251112 13:32:22.211"/>
</kw>
<kw name="Input Login Command" library="resource">
<kw name="Input" library="AppLibrary">
<arg>login</arg>
<status status="PASS" starttime="20251112 13:32:22.211" endtime="20251112 13:32:22.212"/>
</kw>
<status status="PASS" starttime="20251112 13:32:22.211" endtime="20251112 13:32:22.212"/>
</kw>
<status status="PASS" starttime="20251112 13:32:22.211" endtime="20251112 13:32:22.212"/>
</kw>
<kw name="Input Credentials" library="resource">
<arg>kulle</arg>
<arg>kulle321</arg>
<kw name="Input" library="AppLibrary">
<arg>${username}</arg>
<status status="PASS" starttime="20251112 13:32:22.212" endtime="20251112 13:32:22.212"/>
</kw>
<kw name="Input" library="AppLibrary">
<arg>${password}</arg>
<status status="PASS" starttime="20251112 13:32:22.212" endtime="20251112 13:32:22.213"/>
</kw>
<kw name="Run Application" library="AppLibrary">
<status status="PASS" starttime="20251112 13:32:22.213" endtime="20251112 13:32:22.213"/>
</kw>
<status status="PASS" starttime="20251112 13:32:22.212" endtime="20251112 13:32:22.213"/>
</kw>
<kw name="Output Should Contain" library="AppLibrary">
<arg>Invalid username or password</arg>
<status status="PASS" starttime="20251112 13:32:22.213" endtime="20251112 13:32:22.213"/>
</kw>
<status status="PASS" starttime="20251112 13:32:22.210" endtime="20251112 13:32:22.213"/>
</test>
<status status="PASS" starttime="20251112 13:32:22.194" endtime="20251112 13:32:22.214"/>
</suite>
<status status="PASS" starttime="20251112 13:32:22.150" endtime="20251112 13:32:22.215"/>
</suite>
<statistics>
<total>
<stat pass="3" fail="0" skip="0">All Tests</stat>
</total>
<tag>
</tag>
<suite>
<stat pass="3" fail="0" skip="0" id="s1" name="Tests">Tests</stat>
<stat pass="3" fail="0" skip="0" id="s1-s1" name="Login">Tests.Login</stat>
</suite>
</statistics>
<errors>
</errors>
</robot>
