<?xml version="1.0" encoding="UTF-8"?>
<robot generator="Robot 6.1.1 (Python 3.13.5 on darwin)" generated="20251113 12:42:45.426" rpa="false" schemaversion="4">
<suite id="s1" name="Tests" source="/Users/annakarkkainen/palautusrepo/osa3/login-robot/src/tests">
<suite id="s1-s1" name="Login" source="/Users/annakarkkainen/palautusrepo/osa3/login-robot/src/tests/login.robot">
<test id="s1-s1-t1" name="Login With Correct Credentials" line="6">
<kw name="Create User And Input Login Command" type="SETUP">
<kw name="Create User" library="AppLibrary">
<arg>kalle</arg>
<arg>kalle123</arg>
<msg timestamp="20251113 12:42:45.514" level="INFO">Ok</msg>
<status status="PASS" starttime="20251113 12:42:45.514" endtime="20251113 12:42:45.515"/>
</kw>
<kw name="Input Login Command" library="resource">
<kw name="Input" library="AppLibrary">
<arg>login</arg>
<status status="PASS" starttime="20251113 12:42:45.515" endtime="20251113 12:42:45.515"/>
</kw>
<status status="PASS" starttime="20251113 12:42:45.515" endtime="20251113 12:42:45.516"/>
</kw>
<status status="PASS" starttime="20251113 12:42:45.513" endtime="20251113 12:42:45.516"/>
</kw>
<kw name="Input Credentials" library="resource">
<arg>kalle</arg>
<arg>kalle123</arg>
<kw name="Input" library="AppLibrary">
<arg>${username}</arg>
<status status="PASS" starttime="20251113 12:42:45.517" endtime="20251113 12:42:45.517"/>
</kw>
<kw name="Input" library="AppLibrary">
<arg>${password}</arg>
<status status="PASS" starttime="20251113 12:42:45.517" endtime="20251113 12:42:45.518"/>
</kw>
<kw name="Run Application" library="AppLibrary">
<status status="PASS" starttime="20251113 12:42:45.518" endtime="20251113 12:42:45.519"/>
</kw>
<status status="PASS" starttime="20251113 12:42:45.516" endtime="20251113 12:42:45.519"/>
</kw>
<kw name="Output Should Contain" library="AppLibrary">
<arg>Logged in</arg>
<status status="PASS" starttime="20251113 12:42:45.519" endtime="20251113 12:42:45.520"/>
</kw>
<status status="PASS" starttime="20251113 12:42:45.512" endtime="20251113 12:42:45.520"/>
</test>
<test id="s1-s1-t2" name="Login With Incorrect Password" line="10">
<kw name="Create User And Input Login Command" type="SETUP">
<kw name="Create User" library="AppLibrary">
<arg>kalle</arg>
<arg>kalle123</arg>
<msg timestamp="20251113 12:42:45.523" level="INFO">Ok</msg>
<status status="PASS" starttime="20251113 12:42:45.522" endtime="20251113 12:42:45.523"/>
</kw>
<kw name="Input Login Command" library="resource">
<kw name="Input" library="AppLibrary">
<arg>login</arg>
<status status="PASS" starttime="20251113 12:42:45.523" endtime="20251113 12:42:45.523"/>
</kw>
<status status="PASS" starttime="20251113 12:42:45.523" endtime="20251113 12:42:45.523"/>
</kw>
<status status="PASS" starttime="20251113 12:42:45.522" endtime="20251113 12:42:45.524"/>
</kw>
<kw name="Input Credentials" library="resource">
<arg>kalle</arg>
<arg>kalle321</arg>
<kw name="Input" library="AppLibrary">
<arg>${username}</arg>
<status status="PASS" starttime="20251113 12:42:45.524" endtime="20251113 12:42:45.524"/>
</kw>
<kw name="Input" library="AppLibrary">
<arg>${password}</arg>
<status status="PASS" starttime="20251113 12:42:45.525" endtime="20251113 12:42:45.525"/>
</kw>
<kw name="Run Application" library="AppLibrary">
<status status="PASS" starttime="20251113 12:42:45.525" endtime="20251113 12:42:45.525"/>
</kw>
<status status="PASS" starttime="20251113 12:42:45.524" endtime="20251113 12:42:45.525"/>
</kw>
<kw name="Output Should Contain" library="AppLibrary">
<arg>Invalid username or password</arg>
<status status="PASS" starttime="20251113 12:42:45.525" endtime="20251113 12:42:45.525"/>
</kw>
<status status="PASS" starttime="20251113 12:42:45.521" endtime="20251113 12:42:45.526"/>
</test>
<test id="s1-s1-t3" name="Login With Nonexistent Username" line="14">
<kw name="Create User And Input Login Command" type="SETUP">
<kw name="Create User" library="AppLibrary">
<arg>kalle</arg>
<arg>kalle123</arg>
<msg timestamp="20251113 12:42:45.527" level="INFO">Ok</msg>
<status status="PASS" starttime="20251113 12:42:45.527" endtime="20251113 12:42:45.527"/>
</kw>
<kw name="Input Login Command" library="resource">
<kw name="Input" library="AppLibrary">
<arg>login</arg>
<status status="PASS" starttime="20251113 12:42:45.528" endtime="20251113 12:42:45.528"/>
</kw>
<status status="PASS" starttime="20251113 12:42:45.527" endtime="20251113 12:42:45.528"/>
</kw>
<status status="PASS" starttime="20251113 12:42:45.527" endtime="20251113 12:42:45.528"/>
</kw>
<kw name="Input Credentials" library="resource">
<arg>kulle</arg>
<arg>kulle321</arg>
<kw name="Input" library="AppLibrary">
<arg>${username}</arg>
<status status="PASS" starttime="20251113 12:42:45.529" endtime="20251113 12:42:45.529"/>
</kw>
<kw name="Input" library="AppLibrary">
<arg>${password}</arg>
<status status="PASS" starttime="20251113 12:42:45.529" endtime="20251113 12:42:45.529"/>
</kw>
<kw name="Run Application" library="AppLibrary">
<status status="PASS" starttime="20251113 12:42:45.530" endtime="20251113 12:42:45.531"/>
</kw>
<status status="PASS" starttime="20251113 12:42:45.528" endtime="20251113 12:42:45.531"/>
</kw>
<kw name="Output Should Contain" library="AppLibrary">
<arg>Invalid username or password</arg>
<status status="PASS" starttime="20251113 12:42:45.531" endtime="20251113 12:42:45.531"/>
</kw>
<status status="PASS" starttime="20251113 12:42:45.526" endtime="20251113 12:42:45.532"/>
</test>
<status status="PASS" starttime="20251113 12:42:45.491" endtime="20251113 12:42:45.532"/>
</suite>
<suite id="s1-s2" name="Register" source="/Users/annakarkkainen/palautusrepo/osa3/login-robot/src/tests/register.robot">
<test id="s1-s2-t1" name="Register With Valid Username And Password" line="6">
<kw name="Input New Command And Create User" type="SETUP">
<kw name="Input New Command" library="resource">
<kw name="Input" library="AppLibrary">
<arg>new</arg>
<status status="PASS" starttime="20251113 12:42:45.537" endtime="20251113 12:42:45.537"/>
</kw>
<status status="PASS" starttime="20251113 12:42:45.537" endtime="20251113 12:42:45.537"/>
</kw>
<kw name="Create User" library="AppLibrary">
<arg>kalle</arg>
<arg>kalle123</arg>
<msg timestamp="20251113 12:42:45.537" level="INFO">Ok</msg>
<status status="PASS" starttime="20251113 12:42:45.537" endtime="20251113 12:42:45.537"/>
</kw>
<status status="PASS" starttime="20251113 12:42:45.536" endtime="20251113 12:42:45.537"/>
</kw>
<kw name="Input Credentials" library="resource">
<arg>koiras</arg>
<arg>koira123</arg>
<kw name="Input" library="AppLibrary">
<arg>${username}</arg>
<status status="PASS" starttime="20251113 12:42:45.538" endtime="20251113 12:42:45.538"/>
</kw>
<kw name="Input" library="AppLibrary">
<arg>${password}</arg>
<status status="PASS" starttime="20251113 12:42:45.538" endtime="20251113 12:42:45.538"/>
</kw>
<kw name="Run Application" library="AppLibrary">
<msg timestamp="20251113 12:42:45.538" level="INFO">Ok</msg>
<status status="PASS" starttime="20251113 12:42:45.538" endtime="20251113 12:42:45.539"/>
</kw>
<status status="PASS" starttime="20251113 12:42:45.538" endtime="20251113 12:42:45.539"/>
</kw>
<kw name="Output Should Contain" library="AppLibrary">
<arg>New user registered</arg>
<status status="PASS" starttime="20251113 12:42:45.539" endtime="20251113 12:42:45.539"/>
</kw>
<status status="PASS" starttime="20251113 12:42:45.536" endtime="20251113 12:42:45.539"/>
</test>
<test id="s1-s2-t2" name="Register With Already Taken Username And Valid Password" line="10">
<kw name="Input New Command And Create User" type="SETUP">
<kw name="Input New Command" library="resource">
<kw name="Input" library="AppLibrary">
<arg>new</arg>
<status status="PASS" starttime="20251113 12:42:45.540" endtime="20251113 12:42:45.540"/>
</kw>
<status status="PASS" starttime="20251113 12:42:45.540" endtime="20251113 12:42:45.540"/>
</kw>
<kw name="Create User" library="AppLibrary">
<arg>kalle</arg>
<arg>kalle123</arg>
<msg timestamp="20251113 12:42:45.541" level="INFO">Ok</msg>
<status status="PASS" starttime="20251113 12:42:45.540" endtime="20251113 12:42:45.541"/>
</kw>
<status status="PASS" starttime="20251113 12:42:45.540" endtime="20251113 12:42:45.541"/>
</kw>
<kw name="Create User" library="AppLibrary">
<arg>kukka</arg>
<arg>kukka888</arg>
<msg timestamp="20251113 12:42:45.541" level="INFO">Ok</msg>
<status status="PASS" starttime="20251113 12:42:45.541" endtime="20251113 12:42:45.541"/>
</kw>
<kw name="Input Credentials" library="resource">
<arg>kukka</arg>
<arg>kuu3344r</arg>
<kw name="Input" library="AppLibrary">
<arg>${username}</arg>
<status status="PASS" starttime="20251113 12:42:45.542" endtime="20251113 12:42:45.542"/>
</kw>
<kw name="Input" library="AppLibrary">
<arg>${password}</arg>
<status status="PASS" starttime="20251113 12:42:45.542" endtime="20251113 12:42:45.542"/>
</kw>
<kw name="Run Application" library="AppLibrary">
<msg timestamp="20251113 12:42:45.542" level="INFO">Ok</msg>
<status status="PASS" starttime="20251113 12:42:45.542" endtime="20251113 12:42:45.542"/>
</kw>
<status status="PASS" starttime="20251113 12:42:45.541" endtime="20251113 12:42:45.542"/>
</kw>
<kw name="Output Should Contain" library="AppLibrary">
<arg>User with username kukka already exists</arg>
<status status="PASS" starttime="20251113 12:42:45.543" endtime="20251113 12:42:45.543"/>
</kw>
<status status="PASS" starttime="20251113 12:42:45.539" endtime="20251113 12:42:45.543"/>
</test>
<test id="s1-s2-t3" name="Register With Too Short Username And Valid Password" line="15">
<kw name="Input New Command And Create User" type="SETUP">
<kw name="Input New Command" library="resource">
<kw name="Input" library="AppLibrary">
<arg>new</arg>
<status status="PASS" starttime="20251113 12:42:45.544" endtime="20251113 12:42:45.544"/>
</kw>
<status status="PASS" starttime="20251113 12:42:45.544" endtime="20251113 12:42:45.545"/>
</kw>
<kw name="Create User" library="AppLibrary">
<arg>kalle</arg>
<arg>kalle123</arg>
<msg timestamp="20251113 12:42:45.545" level="INFO">Ok</msg>
<status status="PASS" starttime="20251113 12:42:45.545" endtime="20251113 12:42:45.545"/>
</kw>
<status status="PASS" starttime="20251113 12:42:45.544" endtime="20251113 12:42:45.545"/>
</kw>
<kw name="Input Credentials" library="resource">
<arg>ka</arg>
<arg>kukkkuuu2</arg>
<kw name="Input" library="AppLibrary">
<arg>${username}</arg>
<status status="PASS" starttime="20251113 12:42:45.545" endtime="20251113 12:42:45.546"/>
</kw>
<kw name="Input" library="AppLibrary">
<arg>${password}</arg>
<status status="PASS" starttime="20251113 12:42:45.546" endtime="20251113 12:42:45.546"/>
</kw>
<kw name="Run Application" library="AppLibrary">
<status status="PASS" starttime="20251113 12:42:45.546" endtime="20251113 12:42:45.546"/>
</kw>
<status status="PASS" starttime="20251113 12:42:45.545" endtime="20251113 12:42:45.546"/>
</kw>
<kw name="Output Should Contain" library="AppLibrary">
<arg>Virheellinen käyttäjänimi</arg>
<status status="PASS" starttime="20251113 12:42:45.547" endtime="20251113 12:42:45.547"/>
</kw>
<status status="PASS" starttime="20251113 12:42:45.543" endtime="20251113 12:42:45.547"/>
</test>
<test id="s1-s2-t4" name="Register With Enough Long But Invalid Username And Valid Password" line="19">
<kw name="Input New Command And Create User" type="SETUP">
<kw name="Input New Command" library="resource">
<kw name="Input" library="AppLibrary">
<arg>new</arg>
<status status="PASS" starttime="20251113 12:42:45.549" endtime="20251113 12:42:45.550"/>
</kw>
<status status="PASS" starttime="20251113 12:42:45.549" endtime="20251113 12:42:45.550"/>
</kw>
<kw name="Create User" library="AppLibrary">
<arg>kalle</arg>
<arg>kalle123</arg>
<msg timestamp="20251113 12:42:45.550" level="INFO">Ok</msg>
<status status="PASS" starttime="20251113 12:42:45.550" endtime="20251113 12:42:45.550"/>
</kw>
<status status="PASS" starttime="20251113 12:42:45.548" endtime="20251113 12:42:45.550"/>
</kw>
<kw name="Input Credentials" library="resource">
<arg>Kalle</arg>
<arg>kallukka2</arg>
<kw name="Input" library="AppLibrary">
<arg>${username}</arg>
<status status="PASS" starttime="20251113 12:42:45.550" endtime="20251113 12:42:45.551"/>
</kw>
<kw name="Input" library="AppLibrary">
<arg>${password}</arg>
<status status="PASS" starttime="20251113 12:42:45.551" endtime="20251113 12:42:45.551"/>
</kw>
<kw name="Run Application" library="AppLibrary">
<status status="PASS" starttime="20251113 12:42:45.551" endtime="20251113 12:42:45.551"/>
</kw>
<status status="PASS" starttime="20251113 12:42:45.550" endtime="20251113 12:42:45.551"/>
</kw>
<kw name="Output Should Contain" library="AppLibrary">
<arg>Virheellinen käyttäjänimi</arg>
<status status="PASS" starttime="20251113 12:42:45.551" endtime="20251113 12:42:45.551"/>
</kw>
<status status="PASS" starttime="20251113 12:42:45.548" endtime="20251113 12:42:45.552"/>
</test>
<test id="s1-s2-t5" name="Register With Valid Username And Too Short Password" line="23">
<kw name="Input New Command And Create User" type="SETUP">
<kw name="Input New Command" library="resource">
<kw name="Input" library="AppLibrary">
<arg>new</arg>
<status status="PASS" starttime="20251113 12:42:45.553" endtime="20251113 12:42:45.553"/>
</kw>
<status status="PASS" starttime="20251113 12:42:45.553" endtime="20251113 12:42:45.553"/>
</kw>
<kw name="Create User" library="AppLibrary">
<arg>kalle</arg>
<arg>kalle123</arg>
<msg timestamp="20251113 12:42:45.553" level="INFO">Ok</msg>
<status status="PASS" starttime="20251113 12:42:45.553" endtime="20251113 12:42:45.553"/>
</kw>
<status status="PASS" starttime="20251113 12:42:45.552" endtime="20251113 12:42:45.553"/>
</kw>
<kw name="Input Credentials" library="resource">
<arg>nalle</arg>
<arg>noksu</arg>
<kw name="Input" library="AppLibrary">
<arg>${username}</arg>
<status status="PASS" starttime="20251113 12:42:45.554" endtime="20251113 12:42:45.554"/>
</kw>
<kw name="Input" library="AppLibrary">
<arg>${password}</arg>
<status status="PASS" starttime="20251113 12:42:45.554" endtime="20251113 12:42:45.554"/>
</kw>
<kw name="Run Application" library="AppLibrary">
<status status="PASS" starttime="20251113 12:42:45.554" endtime="20251113 12:42:45.554"/>
</kw>
<status status="PASS" starttime="20251113 12:42:45.553" endtime="20251113 12:42:45.555"/>
</kw>
<kw name="Output Should Contain" library="AppLibrary">
<arg>Virheellinen salasana</arg>
<status status="PASS" starttime="20251113 12:42:45.555" endtime="20251113 12:42:45.555"/>
</kw>
<status status="PASS" starttime="20251113 12:42:45.552" endtime="20251113 12:42:45.555"/>
</test>
<test id="s1-s2-t6" name="Register With Valid Username And Long Enough Password Containing Only Letters" line="27">
<kw name="Input New Command And Create User" type="SETUP">
<kw name="Input New Command" library="resource">
<kw name="Input" library="AppLibrary">
<arg>new</arg>
<status status="PASS" starttime="20251113 12:42:45.556" endtime="20251113 12:42:45.557"/>
</kw>
<status status="PASS" starttime="20251113 12:42:45.556" endtime="20251113 12:42:45.557"/>
</kw>
<kw name="Create User" library="AppLibrary">
<arg>kalle</arg>
<arg>kalle123</arg>
<msg timestamp="20251113 12:42:45.557" level="INFO">Ok</msg>
<status status="PASS" starttime="20251113 12:42:45.557" endtime="20251113 12:42:45.557"/>
</kw>
<status status="PASS" starttime="20251113 12:42:45.556" endtime="20251113 12:42:45.557"/>
</kw>
<kw name="Input Credentials" library="resource">
<arg>nallukka</arg>
<arg>hunajaanam</arg>
<kw name="Input" library="AppLibrary">
<arg>${username}</arg>
<status status="PASS" starttime="20251113 12:42:45.558" endtime="20251113 12:42:45.558"/>
</kw>
<kw name="Input" library="AppLibrary">
<arg>${password}</arg>
<status status="PASS" starttime="20251113 12:42:45.558" endtime="20251113 12:42:45.558"/>
</kw>
<kw name="Run Application" library="AppLibrary">
<status status="PASS" starttime="20251113 12:42:45.558" endtime="20251113 12:42:45.558"/>
</kw>
<status status="PASS" starttime="20251113 12:42:45.557" endtime="20251113 12:42:45.558"/>
</kw>
<kw name="Output Should Contain" library="AppLibrary">
<arg>Virheellinen salasana</arg>
<status status="PASS" starttime="20251113 12:42:45.559" endtime="20251113 12:42:45.559"/>
</kw>
<status status="PASS" starttime="20251113 12:42:45.556" endtime="20251113 12:42:45.559"/>
</test>
<status status="PASS" starttime="20251113 12:42:45.533" endtime="20251113 12:42:45.559"/>
</suite>
<status status="PASS" starttime="20251113 12:42:45.429" endtime="20251113 12:42:45.560"/>
</suite>
<statistics>
<total>
<stat pass="9" fail="0" skip="0">All Tests</stat>
</total>
<tag>
</tag>
<suite>
<stat pass="9" fail="0" skip="0" id="s1" name="Tests">Tests</stat>
<stat pass="3" fail="0" skip="0" id="s1-s1" name="Login">Tests.Login</stat>
<stat pass="6" fail="0" skip="0" id="s1-s2" name="Register">Tests.Register</stat>
</suite>
</statistics>
<errors>
</errors>
</robot>
